<?xml version="1.0" encoding="UTF-8"?>
<!-- Generated by org.testng.reporters.JUnitXMLReporter -->
<testsuite ignored="0" hostname="DESKTOP-EJEP9JT" failures="0" tests="7" name="Default test" time="87.767" errors="0" timestamp="2025-03-19T22:35:26 ICT">
  <testcase classname="demo.TestLogin2" name="testSuccess" time="3.697"/>
  <testcase classname="demo.TestLogin2" name="testWrongFormatUser" time="0.96"/>
  <testcase classname="demo.TestLogin2" name="testWrongNumberCharacterPasWord" time="0.744"/>
  <testcase classname="demo.TestLogin2" name="testWrongNumberCharacterPasWord" time="1.246"/>
  <testcase classname="demo.TestLogin2" name="testWrongNumberCharacterPasWord" time="0.878"/>
  <testcase classname="demo.TestLogin2" name="testWrongPassWord" time="2.515"/>
  <testcase classname="demo.TestLogin2" name="testWrongUserName" time="1.514"/>
</testsuite> <!-- Default test -->
