<?xml version="1.0" encoding="UTF-8"?>
<testng-results ignored="0" total="7" passed="7" failed="0" skipped="0">
  <reporter-output>
  </reporter-output>
  <suite started-at="2025-03-19T22:33:58 ICT" name="Default suite" finished-at="2025-03-19T22:35:26 ICT" duration-ms="87767">
    <groups>
    </groups>
    <test started-at="2025-03-19T22:33:58 ICT" name="Default test" finished-at="2025-03-19T22:35:26 ICT" duration-ms="87767">
      <class name="demo.TestLogin2">
        <test-method is-config="true" signature="setUp()[pri:0, instance:demo.TestLogin2@61862a7f]" started-at="2025-03-19T22:33:58 ICT" name="setUp" finished-at="2025-03-19T22:34:12 ICT" duration-ms="14041" status="PASS">
          <reporter-output>
          </reporter-output>
        </test-method> <!-- setUp -->
        <test-method signature="testSuccess()[pri:0, instance:demo.TestLogin2@61862a7f]" started-at="2025-03-19T22:34:12 ICT" name="testSuccess" finished-at="2025-03-19T22:34:16 ICT" duration-ms="3697" status="PASS">
          <reporter-output>
          </reporter-output>
        </test-method> <!-- testSuccess -->
        <test-method is-config="true" signature="tearDown()[pri:0, instance:demo.TestLogin2@61862a7f]" started-at="2025-03-19T22:34:16 ICT" name="tearDown" finished-at="2025-03-19T22:34:17 ICT" duration-ms="632" status="PASS">
          <reporter-output>
          </reporter-output>
        </test-method> <!-- tearDown -->
        <test-method is-config="true" signature="setUp()[pri:0, instance:demo.TestLogin2@61862a7f]" started-at="2025-03-19T22:34:17 ICT" name="setUp" finished-at="2025-03-19T22:34:27 ICT" duration-ms="10657" status="PASS">
          <reporter-output>
          </reporter-output>
        </test-method> <!-- setUp -->
        <test-method signature="testWrongFormatUser()[pri:0, instance:demo.TestLogin2@61862a7f]" started-at="2025-03-19T22:34:27 ICT" name="testWrongFormatUser" finished-at="2025-03-19T22:34:28 ICT" duration-ms="960" status="PASS">
          <reporter-output>
          </reporter-output>
        </test-method> <!-- testWrongFormatUser -->
        <test-method is-config="true" signature="tearDown()[pri:0, instance:demo.TestLogin2@61862a7f]" started-at="2025-03-19T22:34:28 ICT" name="tearDown" finished-at="2025-03-19T22:34:29 ICT" duration-ms="383" status="PASS">
          <reporter-output>
          </reporter-output>
        </test-method> <!-- tearDown -->
        <test-method is-config="true" signature="setUp()[pri:0, instance:demo.TestLogin2@61862a7f]" started-at="2025-03-19T22:34:29 ICT" name="setUp" finished-at="2025-03-19T22:34:37 ICT" duration-ms="8843" status="PASS">
          <reporter-output>
          </reporter-output>
        </test-method> <!-- setUp -->
        <test-method signature="testWrongNumberCharacterPasWord(java.lang.String,java.lang.String)[pri:0, instance:demo.TestLogin2@61862a7f]" started-at="2025-03-19T22:34:37 ICT" name="testWrongNumberCharacterPasWord" data-provider="WrongNumberCharacter" finished-at="2025-03-19T22:34:38 ICT" duration-ms="744" status="PASS">
          <params>
            <param index="0">
              <value>
                <![CDATA[0923452345]]>
              </value>
            </param>
            <param index="1">
              <value>
                <![CDATA[12345]]>
              </value>
            </param>
          </params>
          <reporter-output>
          </reporter-output>
        </test-method> <!-- testWrongNumberCharacterPasWord -->
        <test-method is-config="true" signature="tearDown()[pri:0, instance:demo.TestLogin2@61862a7f]" started-at="2025-03-19T22:34:38 ICT" name="tearDown" finished-at="2025-03-19T22:34:38 ICT" duration-ms="353" status="PASS">
          <reporter-output>
          </reporter-output>
        </test-method> <!-- tearDown -->
        <test-method is-config="true" signature="setUp()[pri:0, instance:demo.TestLogin2@61862a7f]" started-at="2025-03-19T22:34:38 ICT" name="setUp" finished-at="2025-03-19T22:34:48 ICT" duration-ms="9227" status="PASS">
          <reporter-output>
          </reporter-output>
        </test-method> <!-- setUp -->
        <test-method signature="testWrongNumberCharacterPasWord(java.lang.String,java.lang.String)[pri:0, instance:demo.TestLogin2@61862a7f]" started-at="2025-03-19T22:34:48 ICT" name="testWrongNumberCharacterPasWord" data-provider="WrongNumberCharacter" finished-at="2025-03-19T22:34:49 ICT" duration-ms="1246" status="PASS">
          <params>
            <param index="0">
              <value>
                <![CDATA[0923452345]]>
              </value>
            </param>
            <param index="1">
              <value>
                <![CDATA[1234561234561234561234561]]>
              </value>
            </param>
          </params>
          <reporter-output>
          </reporter-output>
        </test-method> <!-- testWrongNumberCharacterPasWord -->
        <test-method is-config="true" signature="tearDown()[pri:0, instance:demo.TestLogin2@61862a7f]" started-at="2025-03-19T22:34:49 ICT" name="tearDown" finished-at="2025-03-19T22:34:49 ICT" duration-ms="429" status="PASS">
          <reporter-output>
          </reporter-output>
        </test-method> <!-- tearDown -->
        <test-method is-config="true" signature="setUp()[pri:0, instance:demo.TestLogin2@61862a7f]" started-at="2025-03-19T22:34:49 ICT" name="setUp" finished-at="2025-03-19T22:35:01 ICT" duration-ms="11518" status="PASS">
          <reporter-output>
          </reporter-output>
        </test-method> <!-- setUp -->
        <test-method signature="testWrongNumberCharacterPasWord(java.lang.String,java.lang.String)[pri:0, instance:demo.TestLogin2@61862a7f]" started-at="2025-03-19T22:35:01 ICT" name="testWrongNumberCharacterPasWord" data-provider="WrongNumberCharacter" finished-at="2025-03-19T22:35:02 ICT" duration-ms="878" status="PASS">
          <params>
            <param index="0">
              <value>
                <![CDATA[0923452345]]>
              </value>
            </param>
            <param index="1">
              <value>
                <![CDATA[]]>
              </value>
            </param>
          </params>
          <reporter-output>
          </reporter-output>
        </test-method> <!-- testWrongNumberCharacterPasWord -->
        <test-method is-config="true" signature="tearDown()[pri:0, instance:demo.TestLogin2@61862a7f]" started-at="2025-03-19T22:35:02 ICT" name="tearDown" finished-at="2025-03-19T22:35:02 ICT" duration-ms="402" status="PASS">
          <reporter-output>
          </reporter-output>
        </test-method> <!-- tearDown -->
        <test-method is-config="true" signature="setUp()[pri:0, instance:demo.TestLogin2@61862a7f]" started-at="2025-03-19T22:35:02 ICT" name="setUp" finished-at="2025-03-19T22:35:11 ICT" duration-ms="9205" status="PASS">
          <reporter-output>
          </reporter-output>
        </test-method> <!-- setUp -->
        <test-method signature="testWrongPassWord(java.lang.String,java.lang.String)[pri:0, instance:demo.TestLogin2@61862a7f]" started-at="2025-03-19T22:35:11 ICT" name="testWrongPassWord" data-provider="WrongPassWord" finished-at="2025-03-19T22:35:14 ICT" duration-ms="2515" status="PASS">
          <params>
            <param index="0">
              <value>
                <![CDATA[0923452345]]>
              </value>
            </param>
            <param index="1">
              <value>
                <![CDATA[ 12345$ ]]>
              </value>
            </param>
          </params>
          <reporter-output>
          </reporter-output>
        </test-method> <!-- testWrongPassWord -->
        <test-method is-config="true" signature="tearDown()[pri:0, instance:demo.TestLogin2@61862a7f]" started-at="2025-03-19T22:35:14 ICT" name="tearDown" finished-at="2025-03-19T22:35:14 ICT" duration-ms="409" status="PASS">
          <reporter-output>
          </reporter-output>
        </test-method> <!-- tearDown -->
        <test-method is-config="true" signature="setUp()[pri:0, instance:demo.TestLogin2@61862a7f]" started-at="2025-03-19T22:35:14 ICT" name="setUp" finished-at="2025-03-19T22:35:24 ICT" duration-ms="9618" status="PASS">
          <reporter-output>
          </reporter-output>
        </test-method> <!-- setUp -->
        <test-method signature="testWrongUserName()[pri:0, instance:demo.TestLogin2@61862a7f]" started-at="2025-03-19T22:35:24 ICT" name="testWrongUserName" finished-at="2025-03-19T22:35:25 ICT" duration-ms="1514" status="PASS">
          <reporter-output>
          </reporter-output>
        </test-method> <!-- testWrongUserName -->
        <test-method is-config="true" signature="tearDown()[pri:0, instance:demo.TestLogin2@61862a7f]" started-at="2025-03-19T22:35:25 ICT" name="tearDown" finished-at="2025-03-19T22:35:26 ICT" duration-ms="387" status="PASS">
          <reporter-output>
          </reporter-output>
        </test-method> <!-- tearDown -->
      </class> <!-- demo.TestLogin2 -->
    </test> <!-- Default test -->
  </suite> <!-- Default suite -->
</testng-results>
